<?xml version="1.0" encoding="UTF-8"?>
<testng-results skipped="0" failed="0" ignored="0" total="1" passed="1">
  <reporter-output>
  </reporter-output>
  <suite name="study.TestHelloWorld" duration-ms="37" started-at="2022-01-22T21:51:07 IST" finished-at="2022-01-22T21:51:07 IST">
    <groups>
    </groups>
    <test name="Command line test" duration-ms="37" started-at="2022-01-22T21:51:07 IST" finished-at="2022-01-22T21:51:07 IST">
      <class name="study.TestHelloWorld">
        <test-method status="PASS" signature="testHelloWorld()[pri:0, instance:study.TestHelloWorld@31a5c39e]" name="testHelloWorld" duration-ms="2" started-at="2022-01-22T21:51:07 IST" finished-at="2022-01-22T21:51:07 IST">
          <reporter-output>
          </reporter-output>
        </test-method> <!-- testHelloWorld -->
      </class> <!-- study.TestHelloWorld -->
    </test> <!-- Command line test -->
  </suite> <!-- study.TestHelloWorld -->
</testng-results>
